<?xml version="1.0" encoding="UTF-8"?>
<testsuite xmlns:xsi="http://www.w3.org/2001/XMLSchema-instance" xsi:noNamespaceSchemaLocation="https://maven.apache.org/surefire/maven-surefire-plugin/xsd/surefire-test-report.xsd" version="3.0.2" name="Cucumber.SerenityRunnerTest" time="222.36" tests="0" errors="0" skipped="0" failures="0">
  <properties>
    <property name="java.specification.version" value="21"/>
    <property name="sun.jnu.encoding" value="UTF-8"/>
    <property name="java.class.path" value="/Users/sarvesh_pandey/Documents/Webengage_Automation/Onsite_Cucumber_P/target/test-classes:/Users/sarvesh_pandey/Documents/Webengage_Automation/Onsite_Cucumber_P/target/classes:/Users/sarvesh_pandey/.m2/repository/junit/junit/4.13.2/junit-4.13.2.jar:/Users/sarvesh_pandey/.m2/repository/org/hamcrest/hamcrest-core/1.3/hamcrest-core-1.3.jar:/Users/sarvesh_pandey/.m2/repository/org/testng/testng/7.11.0/testng-7.11.0.jar:/Users/sarvesh_pandey/.m2/repository/org/slf4j/slf4j-api/2.0.16/slf4j-api-2.0.16.jar:/Users/sarvesh_pandey/.m2/repository/org/jcommander/jcommander/1.83/jcommander-1.83.jar:/Users/sarvesh_pandey/.m2/repository/org/webjars/jquery/3.7.1/jquery-3.7.1.jar:/Users/sarvesh_pandey/.m2/repository/net/serenity-bdd/serenity-core/4.2.34/serenity-core-4.2.34.jar:/Users/sarvesh_pandey/.m2/repository/net/serenity-bdd/serenity-model/4.2.34/serenity-model-4.2.34.jar:/Users/sarvesh_pandey/.m2/repository/org/apache/commons/commons-text/1.12.0/commons-text-1.12.0.jar:/Users/sarvesh_pandey/.m2/repository/commons-net/commons-net/3.11.1/commons-net-3.11.1.jar:/Users/sarvesh_pandey/.m2/repository/com/google/guava/guava/33.3.1-jre/guava-33.3.1-jre.jar:/Users/sarvesh_pandey/.m2/repository/com/google/guava/failureaccess/1.0.2/failureaccess-1.0.2.jar:/Users/sarvesh_pandey/.m2/repository/com/google/guava/listenablefuture/9999.0-empty-to-avoid-conflict-with-guava/listenablefuture-9999.0-empty-to-avoid-conflict-with-guava.jar:/Users/sarvesh_pandey/.m2/repository/com/google/code/findbugs/jsr305/3.0.2/jsr305-3.0.2.jar:/Users/sarvesh_pandey/.m2/repository/org/checkerframework/checker-qual/3.43.0/checker-qual-3.43.0.jar:/Users/sarvesh_pandey/.m2/repository/com/google/j2objc/j2objc-annotations/3.0.0/j2objc-annotations-3.0.0.jar:/Users/sarvesh_pandey/.m2/repository/org/jsoup/jsoup/1.15.4/jsoup-1.15.4.jar:/Users/sarvesh_pandey/.m2/repository/com/thoughtworks/xstream/xstream/1.4.21/xstream-1.4.21.jar:/Users/sarvesh_pandey/.m2/repository/io/github/x-stream/mxparser/1.2.2/mxparser-1.2.2.jar:/Users/sarvesh_pandey/.m2/repository/xmlpull/xmlpull/1.1.3.1/xmlpull-1.1.3.1.jar:/Users/sarvesh_pandey/.m2/repository/com/opencsv/opencsv/5.11.1/opencsv-5.11.1.jar:/Users/sarvesh_pandey/.m2/repository/commons-beanutils/commons-beanutils/1.11.0/commons-beanutils-1.11.0.jar:/Users/sarvesh_pandey/.m2/repository/commons-collections/commons-collections/3.2.2/commons-collections-3.2.2.jar:/Users/sarvesh_pandey/.m2/repository/org/apache/commons/commons-collections4/4.5.0/commons-collections4-4.5.0.jar:/Users/sarvesh_pandey/.m2/repository/org/junit/vintage/junit-vintage-engine/5.11.4/junit-vintage-engine-5.11.4.jar:/Users/sarvesh_pandey/.m2/repository/org/junit/platform/junit-platform-engine/1.11.4/junit-platform-engine-1.11.4.jar:/Users/sarvesh_pandey/.m2/repository/org/junit/platform/junit-platform-commons/1.11.4/junit-platform-commons-1.11.4.jar:/Users/sarvesh_pandey/.m2/repository/com/typesafe/config/1.4.3/config-1.4.3.jar:/Users/sarvesh_pandey/.m2/repository/org/imgscalr/imgscalr-lib/4.2/imgscalr-lib-4.2.jar:/Users/sarvesh_pandey/.m2/repository/org/awaitility/awaitility/4.3.0/awaitility-4.3.0.jar:/Users/sarvesh_pandey/.m2/repository/io/github/classgraph/classgraph/4.8.157/classgraph-4.8.157.jar:/Users/sarvesh_pandey/.m2/repository/com/github/ben-manes/caffeine/caffeine/2.9.2/caffeine-2.9.2.jar:/Users/sarvesh_pandey/.m2/repository/org/ehcache/ehcache/3.10.8/ehcache-3.10.8.jar:/Users/sarvesh_pandey/.m2/repository/javax/cache/cache-api/1.1.0/cache-api-1.1.0.jar:/Users/sarvesh_pandey/.m2/repository/net/sourceforge/jexcelapi/jxl/2.6.12/jxl-2.6.12.jar:/Users/sarvesh_pandey/.m2/repository/net/bytebuddy/byte-buddy/1.15.11/byte-buddy-1.15.11.jar:/Users/sarvesh_pandey/.m2/repository/net/bytebuddy/byte-buddy-agent/1.15.11/byte-buddy-agent-1.15.11.jar:/Users/sarvesh_pandey/.m2/repository/org/objenesis/objenesis/3.4/objenesis-3.4.jar:/Users/sarvesh_pandey/.m2/repository/com/vladsch/flexmark/flexmark-all/0.64.8/flexmark-all-0.64.8.jar:/Users/sarvesh_pandey/.m2/repository/com/vladsch/flexmark/flexmark/0.64.8/flexmark-0.64.8.jar:/Users/sarvesh_pandey/.m2/repository/com/vladsch/flexmark/flexmark-ext-abbreviation/0.64.8/flexmark-ext-abbreviation-0.64.8.jar:/Users/sarvesh_pandey/.m2/repository/com/vladsch/flexmark/flexmark-ext-admonition/0.64.8/flexmark-ext-admonition-0.64.8.jar:/Users/sarvesh_pandey/.m2/repository/com/vladsch/flexmark/flexmark-ext-anchorlink/0.64.8/flexmark-ext-anchorlink-0.64.8.jar:/Users/sarvesh_pandey/.m2/repository/com/vladsch/flexmark/flexmark-ext-aside/0.64.8/flexmark-ext-aside-0.64.8.jar:/Users/sarvesh_pandey/.m2/repository/com/vladsch/flexmark/flexmark-ext-attributes/0.64.8/flexmark-ext-attributes-0.64.8.jar:/Users/sarvesh_pandey/.m2/repository/com/vladsch/flexmark/flexmark-ext-autolink/0.64.8/flexmark-ext-autolink-0.64.8.jar:/Users/sarvesh_pandey/.m2/repository/org/nibor/autolink/autolink/0.6.0/autolink-0.6.0.jar:/Users/sarvesh_pandey/.m2/repository/com/vladsch/flexmark/flexmark-ext-definition/0.64.8/flexmark-ext-definition-0.64.8.jar:/Users/sarvesh_pandey/.m2/repository/com/vladsch/flexmark/flexmark-ext-emoji/0.64.8/flexmark-ext-emoji-0.64.8.jar:/Users/sarvesh_pandey/.m2/repository/com/vladsch/flexmark/flexmark-ext-enumerated-reference/0.64.8/flexmark-ext-enumerated-reference-0.64.8.jar:/Users/sarvesh_pandey/.m2/repository/com/vladsch/flexmark/flexmark-ext-escaped-character/0.64.8/flexmark-ext-escaped-character-0.64.8.jar:/Users/sarvesh_pandey/.m2/repository/com/vladsch/flexmark/flexmark-ext-footnotes/0.64.8/flexmark-ext-footnotes-0.64.8.jar:/Users/sarvesh_pandey/.m2/repository/com/vladsch/flexmark/flexmark-ext-gfm-issues/0.64.8/flexmark-ext-gfm-issues-0.64.8.jar:/Users/sarvesh_pandey/.m2/repository/com/vladsch/flexmark/flexmark-ext-gfm-strikethrough/0.64.8/flexmark-ext-gfm-strikethrough-0.64.8.jar:/Users/sarvesh_pandey/.m2/repository/com/vladsch/flexmark/flexmark-ext-gfm-tasklist/0.64.8/flexmark-ext-gfm-tasklist-0.64.8.jar:/Users/sarvesh_pandey/.m2/repository/com/vladsch/flexmark/flexmark-ext-gfm-users/0.64.8/flexmark-ext-gfm-users-0.64.8.jar:/Users/sarvesh_pandey/.m2/repository/com/vladsch/flexmark/flexmark-ext-gitlab/0.64.8/flexmark-ext-gitlab-0.64.8.jar:/Users/sarvesh_pandey/.m2/repository/com/vladsch/flexmark/flexmark-ext-jekyll-front-matter/0.64.8/flexmark-ext-jekyll-front-matter-0.64.8.jar:/Users/sarvesh_pandey/.m2/repository/com/vladsch/flexmark/flexmark-ext-jekyll-tag/0.64.8/flexmark-ext-jekyll-tag-0.64.8.jar:/Users/sarvesh_pandey/.m2/repository/com/vladsch/flexmark/flexmark-ext-media-tags/0.64.8/flexmark-ext-media-tags-0.64.8.jar:/Users/sarvesh_pandey/.m2/repository/com/vladsch/flexmark/flexmark-ext-macros/0.64.8/flexmark-ext-macros-0.64.8.jar:/Users/sarvesh_pandey/.m2/repository/com/vladsch/flexmark/flexmark-ext-ins/0.64.8/flexmark-ext-ins-0.64.8.jar:/Users/sarvesh_pandey/.m2/repository/com/vladsch/flexmark/flexmark-ext-xwiki-macros/0.64.8/flexmark-ext-xwiki-macros-0.64.8.jar:/Users/sarvesh_pandey/.m2/repository/com/vladsch/flexmark/flexmark-ext-superscript/0.64.8/flexmark-ext-superscript-0.64.8.jar:/Users/sarvesh_pandey/.m2/repository/com/vladsch/flexmark/flexmark-ext-toc/0.64.8/flexmark-ext-toc-0.64.8.jar:/Users/sarvesh_pandey/.m2/repository/com/vladsch/flexmark/flexmark-ext-typographic/0.64.8/flexmark-ext-typographic-0.64.8.jar:/Users/sarvesh_pandey/.m2/repository/com/vladsch/flexmark/flexmark-ext-wikilink/0.64.8/flexmark-ext-wikilink-0.64.8.jar:/Users/sarvesh_pandey/.m2/repository/com/vladsch/flexmark/flexmark-ext-yaml-front-matter/0.64.8/flexmark-ext-yaml-front-matter-0.64.8.jar:/Users/sarvesh_pandey/.m2/repository/com/vladsch/flexmark/flexmark-ext-youtube-embedded/0.64.8/flexmark-ext-youtube-embedded-0.64.8.jar:/Users/sarvesh_pandey/.m2/repository/com/vladsch/flexmark/flexmark-html2md-converter/0.64.8/flexmark-html2md-converter-0.64.8.jar:/Users/sarvesh_pandey/.m2/repository/com/vladsch/flexmark/flexmark-jira-converter/0.64.8/flexmark-jira-converter-0.64.8.jar:/Users/sarvesh_pandey/.m2/repository/com/vladsch/flexmark/flexmark-pdf-converter/0.64.8/flexmark-pdf-converter-0.64.8.jar:/Users/sarvesh_pandey/.m2/repository/com/openhtmltopdf/openhtmltopdf-core/1.0.10/openhtmltopdf-core-1.0.10.jar:/Users/sarvesh_pandey/.m2/repository/com/openhtmltopdf/openhtmltopdf-pdfbox/1.0.10/openhtmltopdf-pdfbox-1.0.10.jar:/Users/sarvesh_pandey/.m2/repository/org/apache/pdfbox/xmpbox/2.0.24/xmpbox-2.0.24.jar:/Users/sarvesh_pandey/.m2/repository/de/rototor/pdfbox/graphics2d/0.32/graphics2d-0.32.jar:/Users/sarvesh_pandey/.m2/repository/com/openhtmltopdf/openhtmltopdf-rtl-support/1.0.10/openhtmltopdf-rtl-support-1.0.10.jar:/Users/sarvesh_pandey/.m2/repository/com/vladsch/flexmark/flexmark-profile-pegdown/0.64.8/flexmark-profile-pegdown-0.64.8.jar:/Users/sarvesh_pandey/.m2/repository/com/vladsch/flexmark/flexmark-util-ast/0.64.8/flexmark-util-ast-0.64.8.jar:/Users/sarvesh_pandey/.m2/repository/org/jetbrains/annotations/24.0.1/annotations-24.0.1.jar:/Users/sarvesh_pandey/.m2/repository/com/vladsch/flexmark/flexmark-util-builder/0.64.8/flexmark-util-builder-0.64.8.jar:/Users/sarvesh_pandey/.m2/repository/com/vladsch/flexmark/flexmark-util-collection/0.64.8/flexmark-util-collection-0.64.8.jar:/Users/sarvesh_pandey/.m2/repository/com/vladsch/flexmark/flexmark-util-data/0.64.8/flexmark-util-data-0.64.8.jar:/Users/sarvesh_pandey/.m2/repository/com/vladsch/flexmark/flexmark-util-dependency/0.64.8/flexmark-util-dependency-0.64.8.jar:/Users/sarvesh_pandey/.m2/repository/com/vladsch/flexmark/flexmark-util-format/0.64.8/flexmark-util-format-0.64.8.jar:/Users/sarvesh_pandey/.m2/repository/com/vladsch/flexmark/flexmark-util-html/0.64.8/flexmark-util-html-0.64.8.jar:/Users/sarvesh_pandey/.m2/repository/com/vladsch/flexmark/flexmark-util-misc/0.64.8/flexmark-util-misc-0.64.8.jar:/Users/sarvesh_pandey/.m2/repository/com/vladsch/flexmark/flexmark-util-options/0.64.8/flexmark-util-options-0.64.8.jar:/Users/sarvesh_pandey/.m2/repository/com/vladsch/flexmark/flexmark-util-sequence/0.64.8/flexmark-util-sequence-0.64.8.jar:/Users/sarvesh_pandey/.m2/repository/com/vladsch/flexmark/flexmark-util-visitor/0.64.8/flexmark-util-visitor-0.64.8.jar:/Users/sarvesh_pandey/.m2/repository/com/vladsch/flexmark/flexmark-youtrack-converter/0.64.8/flexmark-youtrack-converter-0.64.8.jar:/Users/sarvesh_pandey/.m2/repository/com/vladsch/flexmark/flexmark-ext-resizable-image/0.64.8/flexmark-ext-resizable-image-0.64.8.jar:/Users/sarvesh_pandey/.m2/repository/com/vladsch/flexmark/flexmark-ext-tables/0.64.8/flexmark-ext-tables-0.64.8.jar:/Users/sarvesh_pandey/.m2/repository/com/vladsch/flexmark/flexmark-util/0.64.8/flexmark-util-0.64.8.jar:/Users/sarvesh_pandey/.m2/repository/net/serenity-bdd/serenity-reports/4.2.34/serenity-reports-4.2.34.jar:/Users/sarvesh_pandey/.m2/repository/net/serenity-bdd/serenity-stats/4.2.34/serenity-stats-4.2.34.jar:/Users/sarvesh_pandey/.m2/repository/org/jetbrains/kotlin/kotlin-stdlib/2.1.21/kotlin-stdlib-2.1.21.jar:/Users/sarvesh_pandey/.m2/repository/net/serenity-bdd/serenity-reports-configuration/4.2.34/serenity-reports-configuration-4.2.34.jar:/Users/sarvesh_pandey/.m2/repository/com/ibm/icu/icu4j/72.1/icu4j-72.1.jar:/Users/sarvesh_pandey/.m2/repository/es/nitaur/markdown/txtmark/0.16/txtmark-0.16.jar:/Users/sarvesh_pandey/.m2/repository/net/serenity-bdd/serenity-report-resources/4.2.34/serenity-report-resources-4.2.34.jar:/Users/sarvesh_pandey/.m2/repository/com/google/code/gson/gson/2.11.0/gson-2.11.0.jar:/Users/sarvesh_pandey/.m2/repository/com/google/errorprone/error_prone_annotations/2.27.0/error_prone_annotations-2.27.0.jar:/Users/sarvesh_pandey/.m2/repository/com/fasterxml/jackson/core/jackson-core/2.18.1/jackson-core-2.18.1.jar:/Users/sarvesh_pandey/.m2/repository/com/fasterxml/jackson/core/jackson-databind/2.18.1/jackson-databind-2.18.1.jar:/Users/sarvesh_pandey/.m2/repository/com/fasterxml/jackson/core/jackson-annotations/2.18.1/jackson-annotations-2.18.1.jar:/Users/sarvesh_pandey/.m2/repository/commons-codec/commons-codec/1.18.0/commons-codec-1.18.0.jar:/Users/sarvesh_pandey/.m2/repository/commons-io/commons-io/2.17.0/commons-io-2.17.0.jar:/Users/sarvesh_pandey/.m2/repository/org/apache/httpcomponents/httpclient/4.5.13/httpclient-4.5.13.jar:/Users/sarvesh_pandey/.m2/repository/org/apache/httpcomponents/httpcore/4.4.13/httpcore-4.4.13.jar:/Users/sarvesh_pandey/.m2/repository/commons-logging/commons-logging/1.2/commons-logging-1.2.jar:/Users/sarvesh_pandey/.m2/repository/org/seleniumhq/selenium/selenium-api/4.33.0/selenium-api-4.33.0.jar:/Users/sarvesh_pandey/.m2/repository/org/jspecify/jspecify/1.0.0/jspecify-1.0.0.jar:/Users/sarvesh_pandey/.m2/repository/org/seleniumhq/selenium/selenium-support/4.33.0/selenium-support-4.33.0.jar:/Users/sarvesh_pandey/.m2/repository/com/google/auto/service/auto-service-annotations/1.1.1/auto-service-annotations-1.1.1.jar:/Users/sarvesh_pandey/.m2/repository/org/seleniumhq/selenium/selenium-json/4.33.0/selenium-json-4.33.0.jar:/Users/sarvesh_pandey/.m2/repository/org/seleniumhq/selenium/selenium-chrome-driver/4.33.0/selenium-chrome-driver-4.33.0.jar:/Users/sarvesh_pandey/.m2/repository/org/seleniumhq/selenium/selenium-chromium-driver/4.33.0/selenium-chromium-driver-4.33.0.jar:/Users/sarvesh_pandey/.m2/repository/org/seleniumhq/selenium/selenium-manager/4.33.0/selenium-manager-4.33.0.jar:/Users/sarvesh_pandey/.m2/repository/org/seleniumhq/selenium/selenium-firefox-driver/4.33.0/selenium-firefox-driver-4.33.0.jar:/Users/sarvesh_pandey/.m2/repository/org/seleniumhq/selenium/selenium-http/4.33.0/selenium-http-4.33.0.jar:/Users/sarvesh_pandey/.m2/repository/org/seleniumhq/selenium/selenium-edge-driver/4.33.0/selenium-edge-driver-4.33.0.jar:/Users/sarvesh_pandey/.m2/repository/org/seleniumhq/selenium/selenium-ie-driver/4.33.0/selenium-ie-driver-4.33.0.jar:/Users/sarvesh_pandey/.m2/repository/org/htmlunit/htmlunit/4.7.0/htmlunit-4.7.0.jar:/Users/sarvesh_pandey/.m2/repository/org/apache/httpcomponents/httpmime/4.5.14/httpmime-4.5.14.jar:/Users/sarvesh_pandey/.m2/repository/org/htmlunit/htmlunit-core-js/4.7.0/htmlunit-core-js-4.7.0.jar:/Users/sarvesh_pandey/.m2/repository/org/htmlunit/neko-htmlunit/4.7.0/neko-htmlunit-4.7.0.jar:/Users/sarvesh_pandey/.m2/repository/org/htmlunit/htmlunit-cssparser/4.7.0/htmlunit-cssparser-4.7.0.jar:/Users/sarvesh_pandey/.m2/repository/org/htmlunit/htmlunit-xpath/4.7.0/htmlunit-xpath-4.7.0.jar:/Users/sarvesh_pandey/.m2/repository/org/htmlunit/htmlunit-csp/4.7.0/htmlunit-csp-4.7.0.jar:/Users/sarvesh_pandey/.m2/repository/org/htmlunit/htmlunit-websocket-client/4.7.0/htmlunit-websocket-client-4.7.0.jar:/Users/sarvesh_pandey/.m2/repository/org/seleniumhq/selenium/htmlunit3-driver/4.32.0/htmlunit3-driver-4.32.0.jar:/Users/sarvesh_pandey/.m2/repository/io/appium/java-client/9.4.0/java-client-9.4.0.jar:/Users/sarvesh_pandey/.m2/repository/org/apache/groovy/groovy/4.0.23/groovy-4.0.23.jar:/Users/sarvesh_pandey/.m2/repository/net/sf/opencsv/opencsv/2.3/opencsv-2.3.jar:/Users/sarvesh_pandey/.m2/repository/org/apache/commons/commons-lang3/3.17.0/commons-lang3-3.17.0.jar:/Users/sarvesh_pandey/.m2/repository/org/apache/commons/commons-compress/1.27.1/commons-compress-1.27.1.jar:/Users/sarvesh_pandey/.m2/repository/org/fluentlenium/fluentlenium-core/0.10.2/fluentlenium-core-0.10.2.jar:/Users/sarvesh_pandey/.m2/repository/com/jhlabs/filters/2.0.235/filters-2.0.235.jar:/Users/sarvesh_pandey/.m2/repository/com/paulhammant/ngwebdriver/1.2/ngwebdriver-1.2.jar:/Users/sarvesh_pandey/.m2/repository/joda-time/joda-time/2.13.0/joda-time-2.13.0.jar:/Users/sarvesh_pandey/.m2/repository/org/hamcrest/hamcrest/2.2/hamcrest-2.2.jar:/Users/sarvesh_pandey/.m2/repository/com/google/jimfs/jimfs/1.3.0/jimfs-1.3.0.jar:/Users/sarvesh_pandey/.m2/repository/org/mockito/mockito-core/3.3.3/mockito-core-3.3.3.jar:/Users/sarvesh_pandey/.m2/repository/javax/xml/bind/jaxb-api/2.3.1/jaxb-api-2.3.1.jar:/Users/sarvesh_pandey/.m2/repository/javax/activation/javax.activation-api/1.2.0/javax.activation-api-1.2.0.jar:/Users/sarvesh_pandey/.m2/repository/com/sun/xml/bind/jaxb-core/2.3.0.1/jaxb-core-2.3.0.1.jar:/Users/sarvesh_pandey/.m2/repository/com/sun/xml/bind/jaxb-impl/2.3.3/jaxb-impl-2.3.3.jar:/Users/sarvesh_pandey/.m2/repository/jakarta/xml/bind/jakarta.xml.bind-api/2.3.3/jakarta.xml.bind-api-2.3.3.jar:/Users/sarvesh_pandey/.m2/repository/com/sun/activation/jakarta.activation/1.2.2/jakarta.activation-1.2.2.jar:/Users/sarvesh_pandey/.m2/repository/javax/activation/activation/1.1.1/activation-1.1.1.jar:/Users/sarvesh_pandey/.m2/repository/net/java/dev/jna/jna/5.17.0/jna-5.17.0.jar:/Users/sarvesh_pandey/.m2/repository/net/serenity-bdd/serenity-cucumber/4.2.34/serenity-cucumber-4.2.34.jar:/Users/sarvesh_pandey/.m2/repository/net/serenity-bdd/serenity-screenplay/4.2.34/serenity-screenplay-4.2.34.jar:/Users/sarvesh_pandey/.m2/repository/org/opentest4j/opentest4j/1.3.0/opentest4j-1.3.0.jar:/Users/sarvesh_pandey/.m2/repository/net/serenity-bdd/serenity-screenplay-webdriver/4.2.34/serenity-screenplay-webdriver-4.2.34.jar:/Users/sarvesh_pandey/.m2/repository/io/cucumber/cucumber-core/7.22.2/cucumber-core-7.22.2.jar:/Users/sarvesh_pandey/.m2/repository/io/cucumber/cucumber-gherkin/7.22.2/cucumber-gherkin-7.22.2.jar:/Users/sarvesh_pandey/.m2/repository/io/cucumber/cucumber-gherkin-messages/7.22.2/cucumber-gherkin-messages-7.22.2.jar:/Users/sarvesh_pandey/.m2/repository/io/cucumber/gherkin/32.1.1/gherkin-32.1.1.jar:/Users/sarvesh_pandey/.m2/repository/io/cucumber/messages/27.2.0/messages-27.2.0.jar:/Users/sarvesh_pandey/.m2/repository/io/cucumber/testng-xml-formatter/0.3.1/testng-xml-formatter-0.3.1.jar:/Users/sarvesh_pandey/.m2/repository/io/cucumber/query/13.3.0/query-13.3.0.jar:/Users/sarvesh_pandey/.m2/repository/io/cucumber/tag-expressions/6.1.2/tag-expressions-6.1.2.jar:/Users/sarvesh_pandey/.m2/repository/io/cucumber/cucumber-expressions/18.0.1/cucumber-expressions-18.0.1.jar:/Users/sarvesh_pandey/.m2/repository/io/cucumber/datatable/7.22.2/datatable-7.22.2.jar:/Users/sarvesh_pandey/.m2/repository/io/cucumber/cucumber-plugin/7.22.2/cucumber-plugin-7.22.2.jar:/Users/sarvesh_pandey/.m2/repository/io/cucumber/docstring/7.22.2/docstring-7.22.2.jar:/Users/sarvesh_pandey/.m2/repository/io/cucumber/html-formatter/21.10.1/html-formatter-21.10.1.jar:/Users/sarvesh_pandey/.m2/repository/io/cucumber/junit-xml-formatter/0.7.1/junit-xml-formatter-0.7.1.jar:/Users/sarvesh_pandey/.m2/repository/io/cucumber/ci-environment/10.0.1/ci-environment-10.0.1.jar:/Users/sarvesh_pandey/.m2/repository/io/cucumber/cucumber-junit/7.22.2/cucumber-junit-7.22.2.jar:/Users/sarvesh_pandey/.m2/repository/org/apache/commons/commons-csv/1.12.0/commons-csv-1.12.0.jar:/Users/sarvesh_pandey/.m2/repository/io/cucumber/cucumber-java/7.23.0/cucumber-java-7.23.0.jar:/Users/sarvesh_pandey/.m2/repository/org/apiguardian/apiguardian-api/1.1.2/apiguardian-api-1.1.2.jar:/Users/sarvesh_pandey/.m2/repository/io/cucumber/cucumber-testng/7.23.0/cucumber-testng-7.23.0.jar:/Users/sarvesh_pandey/.m2/repository/org/seleniumhq/selenium/selenium-java/4.33.0/selenium-java-4.33.0.jar:/Users/sarvesh_pandey/.m2/repository/org/seleniumhq/selenium/selenium-devtools-v135/4.33.0/selenium-devtools-v135-4.33.0.jar:/Users/sarvesh_pandey/.m2/repository/org/seleniumhq/selenium/selenium-devtools-v136/4.33.0/selenium-devtools-v136-4.33.0.jar:/Users/sarvesh_pandey/.m2/repository/org/seleniumhq/selenium/selenium-devtools-v137/4.33.0/selenium-devtools-v137-4.33.0.jar:/Users/sarvesh_pandey/.m2/repository/org/seleniumhq/selenium/selenium-remote-driver/4.33.0/selenium-remote-driver-4.33.0.jar:/Users/sarvesh_pandey/.m2/repository/io/opentelemetry/opentelemetry-api/1.50.0/opentelemetry-api-1.50.0.jar:/Users/sarvesh_pandey/.m2/repository/io/opentelemetry/opentelemetry-context/1.50.0/opentelemetry-context-1.50.0.jar:/Users/sarvesh_pandey/.m2/repository/io/opentelemetry/opentelemetry-exporter-logging/1.50.0/opentelemetry-exporter-logging-1.50.0.jar:/Users/sarvesh_pandey/.m2/repository/io/opentelemetry/opentelemetry-sdk-common/1.50.0/opentelemetry-sdk-common-1.50.0.jar:/Users/sarvesh_pandey/.m2/repository/io/opentelemetry/opentelemetry-sdk-extension-autoconfigure-spi/1.50.0/opentelemetry-sdk-extension-autoconfigure-spi-1.50.0.jar:/Users/sarvesh_pandey/.m2/repository/io/opentelemetry/opentelemetry-sdk-extension-autoconfigure/1.50.0/opentelemetry-sdk-extension-autoconfigure-1.50.0.jar:/Users/sarvesh_pandey/.m2/repository/io/opentelemetry/opentelemetry-sdk-trace/1.50.0/opentelemetry-sdk-trace-1.50.0.jar:/Users/sarvesh_pandey/.m2/repository/io/opentelemetry/opentelemetry-sdk/1.50.0/opentelemetry-sdk-1.50.0.jar:/Users/sarvesh_pandey/.m2/repository/io/opentelemetry/opentelemetry-sdk-metrics/1.50.0/opentelemetry-sdk-metrics-1.50.0.jar:/Users/sarvesh_pandey/.m2/repository/io/opentelemetry/opentelemetry-sdk-logs/1.50.0/opentelemetry-sdk-logs-1.50.0.jar:/Users/sarvesh_pandey/.m2/repository/org/seleniumhq/selenium/selenium-os/4.33.0/selenium-os-4.33.0.jar:/Users/sarvesh_pandey/.m2/repository/org/apache/commons/commons-exec/1.4.0/commons-exec-1.4.0.jar:/Users/sarvesh_pandey/.m2/repository/org/seleniumhq/selenium/selenium-safari-driver/4.33.0/selenium-safari-driver-4.33.0.jar:/Users/sarvesh_pandey/.m2/repository/io/github/bonigarcia/webdrivermanager/6.1.0/webdrivermanager-6.1.0.jar:/Users/sarvesh_pandey/.m2/repository/com/github/docker-java/docker-java/3.5.0/docker-java-3.5.0.jar:/Users/sarvesh_pandey/.m2/repository/com/github/docker-java/docker-java-core/3.5.0/docker-java-core-3.5.0.jar:/Users/sarvesh_pandey/.m2/repository/com/github/docker-java/docker-java-api/3.5.0/docker-java-api-3.5.0.jar:/Users/sarvesh_pandey/.m2/repository/org/slf4j/jcl-over-slf4j/1.7.30/jcl-over-slf4j-1.7.30.jar:/Users/sarvesh_pandey/.m2/repository/com/github/docker-java/docker-java-transport-httpclient5/3.5.0/docker-java-transport-httpclient5-3.5.0.jar:/Users/sarvesh_pandey/.m2/repository/com/github/docker-java/docker-java-transport/3.5.0/docker-java-transport-3.5.0.jar:/Users/sarvesh_pandey/.m2/repository/org/brotli/dec/0.1.2/dec-0.1.2.jar:/Users/sarvesh_pandey/.m2/repository/org/apache/httpcomponents/client5/httpclient5/5.4.3/httpclient5-5.4.3.jar:/Users/sarvesh_pandey/.m2/repository/org/apache/httpcomponents/core5/httpcore5/5.3.4/httpcore5-5.3.4.jar:/Users/sarvesh_pandey/.m2/repository/org/apache/httpcomponents/core5/httpcore5-h2/5.3.4/httpcore5-h2-5.3.4.jar:/Users/sarvesh_pandey/.m2/repository/net/java/dev/jna/jna-platform/5.13.0/jna-platform-5.13.0.jar:/Users/sarvesh_pandey/.m2/repository/com/aventstack/extentreports/5.1.2/extentreports-5.1.2.jar:/Users/sarvesh_pandey/.m2/repository/io/reactivex/rxjava3/rxjava/3.1.6/rxjava-3.1.6.jar:/Users/sarvesh_pandey/.m2/repository/org/reactivestreams/reactive-streams/1.0.4/reactive-streams-1.0.4.jar:/Users/sarvesh_pandey/.m2/repository/org/freemarker/freemarker/2.3.32/freemarker-2.3.32.jar:/Users/sarvesh_pandey/.m2/repository/org/projectlombok/lombok/1.18.26/lombok-1.18.26.jar:"/>
    <property name="java.vm.vendor" value="Homebrew"/>
    <property name="sun.arch.data.model" value="64"/>
    <property name="java.vendor.url" value="https://github.com/Homebrew/homebrew-core/issues"/>
    <property name="user.timezone" value="Asia/Kolkata"/>
    <property name="os.name" value="Mac OS X"/>
    <property name="java.vm.specification.version" value="21"/>
    <property name="sun.java.launcher" value="SUN_STANDARD"/>
    <property name="user.country" value="IN"/>
    <property name="sun.boot.library.path" value="/opt/homebrew/Cellar/openjdk@21/21.0.7/libexec/openjdk.jdk/Contents/Home/lib"/>
    <property name="sun.java.command" value="/Users/sarvesh_pandey/Documents/Webengage_Automation/Onsite_Cucumber_P/target/surefire/surefirebooter-20250623135519432_3.jar /Users/sarvesh_pandey/Documents/Webengage_Automation/Onsite_Cucumber_P/target/surefire 2025-06-23T13-55-19_387-jvmRun1 surefire-20250623135519432_1tmp surefire_0-20250623135519432_2tmp"/>
    <property name="http.nonProxyHosts" value="dns.google|*.dns.google|one.one.one.one|*.one.one.one.one|beacons.gvt2.com|*.beacons.gvt2.com|beacons2.gvt2.com|*.beacons2.gvt2.com|ocsp.digicert.com|*.ocsp.digicert.com"/>
    <property name="jdk.debug" value="release"/>
    <property name="surefire.test.class.path" value="/Users/sarvesh_pandey/Documents/Webengage_Automation/Onsite_Cucumber_P/target/test-classes:/Users/sarvesh_pandey/Documents/Webengage_Automation/Onsite_Cucumber_P/target/classes:/Users/sarvesh_pandey/.m2/repository/junit/junit/4.13.2/junit-4.13.2.jar:/Users/sarvesh_pandey/.m2/repository/org/hamcrest/hamcrest-core/1.3/hamcrest-core-1.3.jar:/Users/sarvesh_pandey/.m2/repository/org/testng/testng/7.11.0/testng-7.11.0.jar:/Users/sarvesh_pandey/.m2/repository/org/slf4j/slf4j-api/2.0.16/slf4j-api-2.0.16.jar:/Users/sarvesh_pandey/.m2/repository/org/jcommander/jcommander/1.83/jcommander-1.83.jar:/Users/sarvesh_pandey/.m2/repository/org/webjars/jquery/3.7.1/jquery-3.7.1.jar:/Users/sarvesh_pandey/.m2/repository/net/serenity-bdd/serenity-core/4.2.34/serenity-core-4.2.34.jar:/Users/sarvesh_pandey/.m2/repository/net/serenity-bdd/serenity-model/4.2.34/serenity-model-4.2.34.jar:/Users/sarvesh_pandey/.m2/repository/org/apache/commons/commons-text/1.12.0/commons-text-1.12.0.jar:/Users/sarvesh_pandey/.m2/repository/commons-net/commons-net/3.11.1/commons-net-3.11.1.jar:/Users/sarvesh_pandey/.m2/repository/com/google/guava/guava/33.3.1-jre/guava-33.3.1-jre.jar:/Users/sarvesh_pandey/.m2/repository/com/google/guava/failureaccess/1.0.2/failureaccess-1.0.2.jar:/Users/sarvesh_pandey/.m2/repository/com/google/guava/listenablefuture/9999.0-empty-to-avoid-conflict-with-guava/listenablefuture-9999.0-empty-to-avoid-conflict-with-guava.jar:/Users/sarvesh_pandey/.m2/repository/com/google/code/findbugs/jsr305/3.0.2/jsr305-3.0.2.jar:/Users/sarvesh_pandey/.m2/repository/org/checkerframework/checker-qual/3.43.0/checker-qual-3.43.0.jar:/Users/sarvesh_pandey/.m2/repository/com/google/j2objc/j2objc-annotations/3.0.0/j2objc-annotations-3.0.0.jar:/Users/sarvesh_pandey/.m2/repository/org/jsoup/jsoup/1.15.4/jsoup-1.15.4.jar:/Users/sarvesh_pandey/.m2/repository/com/thoughtworks/xstream/xstream/1.4.21/xstream-1.4.21.jar:/Users/sarvesh_pandey/.m2/repository/io/github/x-stream/mxparser/1.2.2/mxparser-1.2.2.jar:/Users/sarvesh_pandey/.m2/repository/xmlpull/xmlpull/1.1.3.1/xmlpull-1.1.3.1.jar:/Users/sarvesh_pandey/.m2/repository/com/opencsv/opencsv/5.11.1/opencsv-5.11.1.jar:/Users/sarvesh_pandey/.m2/repository/commons-beanutils/commons-beanutils/1.11.0/commons-beanutils-1.11.0.jar:/Users/sarvesh_pandey/.m2/repository/commons-collections/commons-collections/3.2.2/commons-collections-3.2.2.jar:/Users/sarvesh_pandey/.m2/repository/org/apache/commons/commons-collections4/4.5.0/commons-collections4-4.5.0.jar:/Users/sarvesh_pandey/.m2/repository/org/junit/vintage/junit-vintage-engine/5.11.4/junit-vintage-engine-5.11.4.jar:/Users/sarvesh_pandey/.m2/repository/org/junit/platform/junit-platform-engine/1.11.4/junit-platform-engine-1.11.4.jar:/Users/sarvesh_pandey/.m2/repository/org/junit/platform/junit-platform-commons/1.11.4/junit-platform-commons-1.11.4.jar:/Users/sarvesh_pandey/.m2/repository/com/typesafe/config/1.4.3/config-1.4.3.jar:/Users/sarvesh_pandey/.m2/repository/org/imgscalr/imgscalr-lib/4.2/imgscalr-lib-4.2.jar:/Users/sarvesh_pandey/.m2/repository/org/awaitility/awaitility/4.3.0/awaitility-4.3.0.jar:/Users/sarvesh_pandey/.m2/repository/io/github/classgraph/classgraph/4.8.157/classgraph-4.8.157.jar:/Users/sarvesh_pandey/.m2/repository/com/github/ben-manes/caffeine/caffeine/2.9.2/caffeine-2.9.2.jar:/Users/sarvesh_pandey/.m2/repository/org/ehcache/ehcache/3.10.8/ehcache-3.10.8.jar:/Users/sarvesh_pandey/.m2/repository/javax/cache/cache-api/1.1.0/cache-api-1.1.0.jar:/Users/sarvesh_pandey/.m2/repository/net/sourceforge/jexcelapi/jxl/2.6.12/jxl-2.6.12.jar:/Users/sarvesh_pandey/.m2/repository/net/bytebuddy/byte-buddy/1.15.11/byte-buddy-1.15.11.jar:/Users/sarvesh_pandey/.m2/repository/net/bytebuddy/byte-buddy-agent/1.15.11/byte-buddy-agent-1.15.11.jar:/Users/sarvesh_pandey/.m2/repository/org/objenesis/objenesis/3.4/objenesis-3.4.jar:/Users/sarvesh_pandey/.m2/repository/com/vladsch/flexmark/flexmark-all/0.64.8/flexmark-all-0.64.8.jar:/Users/sarvesh_pandey/.m2/repository/com/vladsch/flexmark/flexmark/0.64.8/flexmark-0.64.8.jar:/Users/sarvesh_pandey/.m2/repository/com/vladsch/flexmark/flexmark-ext-abbreviation/0.64.8/flexmark-ext-abbreviation-0.64.8.jar:/Users/sarvesh_pandey/.m2/repository/com/vladsch/flexmark/flexmark-ext-admonition/0.64.8/flexmark-ext-admonition-0.64.8.jar:/Users/sarvesh_pandey/.m2/repository/com/vladsch/flexmark/flexmark-ext-anchorlink/0.64.8/flexmark-ext-anchorlink-0.64.8.jar:/Users/sarvesh_pandey/.m2/repository/com/vladsch/flexmark/flexmark-ext-aside/0.64.8/flexmark-ext-aside-0.64.8.jar:/Users/sarvesh_pandey/.m2/repository/com/vladsch/flexmark/flexmark-ext-attributes/0.64.8/flexmark-ext-attributes-0.64.8.jar:/Users/sarvesh_pandey/.m2/repository/com/vladsch/flexmark/flexmark-ext-autolink/0.64.8/flexmark-ext-autolink-0.64.8.jar:/Users/sarvesh_pandey/.m2/repository/org/nibor/autolink/autolink/0.6.0/autolink-0.6.0.jar:/Users/sarvesh_pandey/.m2/repository/com/vladsch/flexmark/flexmark-ext-definition/0.64.8/flexmark-ext-definition-0.64.8.jar:/Users/sarvesh_pandey/.m2/repository/com/vladsch/flexmark/flexmark-ext-emoji/0.64.8/flexmark-ext-emoji-0.64.8.jar:/Users/sarvesh_pandey/.m2/repository/com/vladsch/flexmark/flexmark-ext-enumerated-reference/0.64.8/flexmark-ext-enumerated-reference-0.64.8.jar:/Users/sarvesh_pandey/.m2/repository/com/vladsch/flexmark/flexmark-ext-escaped-character/0.64.8/flexmark-ext-escaped-character-0.64.8.jar:/Users/sarvesh_pandey/.m2/repository/com/vladsch/flexmark/flexmark-ext-footnotes/0.64.8/flexmark-ext-footnotes-0.64.8.jar:/Users/sarvesh_pandey/.m2/repository/com/vladsch/flexmark/flexmark-ext-gfm-issues/0.64.8/flexmark-ext-gfm-issues-0.64.8.jar:/Users/sarvesh_pandey/.m2/repository/com/vladsch/flexmark/flexmark-ext-gfm-strikethrough/0.64.8/flexmark-ext-gfm-strikethrough-0.64.8.jar:/Users/sarvesh_pandey/.m2/repository/com/vladsch/flexmark/flexmark-ext-gfm-tasklist/0.64.8/flexmark-ext-gfm-tasklist-0.64.8.jar:/Users/sarvesh_pandey/.m2/repository/com/vladsch/flexmark/flexmark-ext-gfm-users/0.64.8/flexmark-ext-gfm-users-0.64.8.jar:/Users/sarvesh_pandey/.m2/repository/com/vladsch/flexmark/flexmark-ext-gitlab/0.64.8/flexmark-ext-gitlab-0.64.8.jar:/Users/sarvesh_pandey/.m2/repository/com/vladsch/flexmark/flexmark-ext-jekyll-front-matter/0.64.8/flexmark-ext-jekyll-front-matter-0.64.8.jar:/Users/sarvesh_pandey/.m2/repository/com/vladsch/flexmark/flexmark-ext-jekyll-tag/0.64.8/flexmark-ext-jekyll-tag-0.64.8.jar:/Users/sarvesh_pandey/.m2/repository/com/vladsch/flexmark/flexmark-ext-media-tags/0.64.8/flexmark-ext-media-tags-0.64.8.jar:/Users/sarvesh_pandey/.m2/repository/com/vladsch/flexmark/flexmark-ext-macros/0.64.8/flexmark-ext-macros-0.64.8.jar:/Users/sarvesh_pandey/.m2/repository/com/vladsch/flexmark/flexmark-ext-ins/0.64.8/flexmark-ext-ins-0.64.8.jar:/Users/sarvesh_pandey/.m2/repository/com/vladsch/flexmark/flexmark-ext-xwiki-macros/0.64.8/flexmark-ext-xwiki-macros-0.64.8.jar:/Users/sarvesh_pandey/.m2/repository/com/vladsch/flexmark/flexmark-ext-superscript/0.64.8/flexmark-ext-superscript-0.64.8.jar:/Users/sarvesh_pandey/.m2/repository/com/vladsch/flexmark/flexmark-ext-toc/0.64.8/flexmark-ext-toc-0.64.8.jar:/Users/sarvesh_pandey/.m2/repository/com/vladsch/flexmark/flexmark-ext-typographic/0.64.8/flexmark-ext-typographic-0.64.8.jar:/Users/sarvesh_pandey/.m2/repository/com/vladsch/flexmark/flexmark-ext-wikilink/0.64.8/flexmark-ext-wikilink-0.64.8.jar:/Users/sarvesh_pandey/.m2/repository/com/vladsch/flexmark/flexmark-ext-yaml-front-matter/0.64.8/flexmark-ext-yaml-front-matter-0.64.8.jar:/Users/sarvesh_pandey/.m2/repository/com/vladsch/flexmark/flexmark-ext-youtube-embedded/0.64.8/flexmark-ext-youtube-embedded-0.64.8.jar:/Users/sarvesh_pandey/.m2/repository/com/vladsch/flexmark/flexmark-html2md-converter/0.64.8/flexmark-html2md-converter-0.64.8.jar:/Users/sarvesh_pandey/.m2/repository/com/vladsch/flexmark/flexmark-jira-converter/0.64.8/flexmark-jira-converter-0.64.8.jar:/Users/sarvesh_pandey/.m2/repository/com/vladsch/flexmark/flexmark-pdf-converter/0.64.8/flexmark-pdf-converter-0.64.8.jar:/Users/sarvesh_pandey/.m2/repository/com/openhtmltopdf/openhtmltopdf-core/1.0.10/openhtmltopdf-core-1.0.10.jar:/Users/sarvesh_pandey/.m2/repository/com/openhtmltopdf/openhtmltopdf-pdfbox/1.0.10/openhtmltopdf-pdfbox-1.0.10.jar:/Users/sarvesh_pandey/.m2/repository/org/apache/pdfbox/xmpbox/2.0.24/xmpbox-2.0.24.jar:/Users/sarvesh_pandey/.m2/repository/de/rototor/pdfbox/graphics2d/0.32/graphics2d-0.32.jar:/Users/sarvesh_pandey/.m2/repository/com/openhtmltopdf/openhtmltopdf-rtl-support/1.0.10/openhtmltopdf-rtl-support-1.0.10.jar:/Users/sarvesh_pandey/.m2/repository/com/vladsch/flexmark/flexmark-profile-pegdown/0.64.8/flexmark-profile-pegdown-0.64.8.jar:/Users/sarvesh_pandey/.m2/repository/com/vladsch/flexmark/flexmark-util-ast/0.64.8/flexmark-util-ast-0.64.8.jar:/Users/sarvesh_pandey/.m2/repository/org/jetbrains/annotations/24.0.1/annotations-24.0.1.jar:/Users/sarvesh_pandey/.m2/repository/com/vladsch/flexmark/flexmark-util-builder/0.64.8/flexmark-util-builder-0.64.8.jar:/Users/sarvesh_pandey/.m2/repository/com/vladsch/flexmark/flexmark-util-collection/0.64.8/flexmark-util-collection-0.64.8.jar:/Users/sarvesh_pandey/.m2/repository/com/vladsch/flexmark/flexmark-util-data/0.64.8/flexmark-util-data-0.64.8.jar:/Users/sarvesh_pandey/.m2/repository/com/vladsch/flexmark/flexmark-util-dependency/0.64.8/flexmark-util-dependency-0.64.8.jar:/Users/sarvesh_pandey/.m2/repository/com/vladsch/flexmark/flexmark-util-format/0.64.8/flexmark-util-format-0.64.8.jar:/Users/sarvesh_pandey/.m2/repository/com/vladsch/flexmark/flexmark-util-html/0.64.8/flexmark-util-html-0.64.8.jar:/Users/sarvesh_pandey/.m2/repository/com/vladsch/flexmark/flexmark-util-misc/0.64.8/flexmark-util-misc-0.64.8.jar:/Users/sarvesh_pandey/.m2/repository/com/vladsch/flexmark/flexmark-util-options/0.64.8/flexmark-util-options-0.64.8.jar:/Users/sarvesh_pandey/.m2/repository/com/vladsch/flexmark/flexmark-util-sequence/0.64.8/flexmark-util-sequence-0.64.8.jar:/Users/sarvesh_pandey/.m2/repository/com/vladsch/flexmark/flexmark-util-visitor/0.64.8/flexmark-util-visitor-0.64.8.jar:/Users/sarvesh_pandey/.m2/repository/com/vladsch/flexmark/flexmark-youtrack-converter/0.64.8/flexmark-youtrack-converter-0.64.8.jar:/Users/sarvesh_pandey/.m2/repository/com/vladsch/flexmark/flexmark-ext-resizable-image/0.64.8/flexmark-ext-resizable-image-0.64.8.jar:/Users/sarvesh_pandey/.m2/repository/com/vladsch/flexmark/flexmark-ext-tables/0.64.8/flexmark-ext-tables-0.64.8.jar:/Users/sarvesh_pandey/.m2/repository/com/vladsch/flexmark/flexmark-util/0.64.8/flexmark-util-0.64.8.jar:/Users/sarvesh_pandey/.m2/repository/net/serenity-bdd/serenity-reports/4.2.34/serenity-reports-4.2.34.jar:/Users/sarvesh_pandey/.m2/repository/net/serenity-bdd/serenity-stats/4.2.34/serenity-stats-4.2.34.jar:/Users/sarvesh_pandey/.m2/repository/org/jetbrains/kotlin/kotlin-stdlib/2.1.21/kotlin-stdlib-2.1.21.jar:/Users/sarvesh_pandey/.m2/repository/net/serenity-bdd/serenity-reports-configuration/4.2.34/serenity-reports-configuration-4.2.34.jar:/Users/sarvesh_pandey/.m2/repository/com/ibm/icu/icu4j/72.1/icu4j-72.1.jar:/Users/sarvesh_pandey/.m2/repository/es/nitaur/markdown/txtmark/0.16/txtmark-0.16.jar:/Users/sarvesh_pandey/.m2/repository/net/serenity-bdd/serenity-report-resources/4.2.34/serenity-report-resources-4.2.34.jar:/Users/sarvesh_pandey/.m2/repository/com/google/code/gson/gson/2.11.0/gson-2.11.0.jar:/Users/sarvesh_pandey/.m2/repository/com/google/errorprone/error_prone_annotations/2.27.0/error_prone_annotations-2.27.0.jar:/Users/sarvesh_pandey/.m2/repository/com/fasterxml/jackson/core/jackson-core/2.18.1/jackson-core-2.18.1.jar:/Users/sarvesh_pandey/.m2/repository/com/fasterxml/jackson/core/jackson-databind/2.18.1/jackson-databind-2.18.1.jar:/Users/sarvesh_pandey/.m2/repository/com/fasterxml/jackson/core/jackson-annotations/2.18.1/jackson-annotations-2.18.1.jar:/Users/sarvesh_pandey/.m2/repository/commons-codec/commons-codec/1.18.0/commons-codec-1.18.0.jar:/Users/sarvesh_pandey/.m2/repository/commons-io/commons-io/2.17.0/commons-io-2.17.0.jar:/Users/sarvesh_pandey/.m2/repository/org/apache/httpcomponents/httpclient/4.5.13/httpclient-4.5.13.jar:/Users/sarvesh_pandey/.m2/repository/org/apache/httpcomponents/httpcore/4.4.13/httpcore-4.4.13.jar:/Users/sarvesh_pandey/.m2/repository/commons-logging/commons-logging/1.2/commons-logging-1.2.jar:/Users/sarvesh_pandey/.m2/repository/org/seleniumhq/selenium/selenium-api/4.33.0/selenium-api-4.33.0.jar:/Users/sarvesh_pandey/.m2/repository/org/jspecify/jspecify/1.0.0/jspecify-1.0.0.jar:/Users/sarvesh_pandey/.m2/repository/org/seleniumhq/selenium/selenium-support/4.33.0/selenium-support-4.33.0.jar:/Users/sarvesh_pandey/.m2/repository/com/google/auto/service/auto-service-annotations/1.1.1/auto-service-annotations-1.1.1.jar:/Users/sarvesh_pandey/.m2/repository/org/seleniumhq/selenium/selenium-json/4.33.0/selenium-json-4.33.0.jar:/Users/sarvesh_pandey/.m2/repository/org/seleniumhq/selenium/selenium-chrome-driver/4.33.0/selenium-chrome-driver-4.33.0.jar:/Users/sarvesh_pandey/.m2/repository/org/seleniumhq/selenium/selenium-chromium-driver/4.33.0/selenium-chromium-driver-4.33.0.jar:/Users/sarvesh_pandey/.m2/repository/org/seleniumhq/selenium/selenium-manager/4.33.0/selenium-manager-4.33.0.jar:/Users/sarvesh_pandey/.m2/repository/org/seleniumhq/selenium/selenium-firefox-driver/4.33.0/selenium-firefox-driver-4.33.0.jar:/Users/sarvesh_pandey/.m2/repository/org/seleniumhq/selenium/selenium-http/4.33.0/selenium-http-4.33.0.jar:/Users/sarvesh_pandey/.m2/repository/org/seleniumhq/selenium/selenium-edge-driver/4.33.0/selenium-edge-driver-4.33.0.jar:/Users/sarvesh_pandey/.m2/repository/org/seleniumhq/selenium/selenium-ie-driver/4.33.0/selenium-ie-driver-4.33.0.jar:/Users/sarvesh_pandey/.m2/repository/org/htmlunit/htmlunit/4.7.0/htmlunit-4.7.0.jar:/Users/sarvesh_pandey/.m2/repository/org/apache/httpcomponents/httpmime/4.5.14/httpmime-4.5.14.jar:/Users/sarvesh_pandey/.m2/repository/org/htmlunit/htmlunit-core-js/4.7.0/htmlunit-core-js-4.7.0.jar:/Users/sarvesh_pandey/.m2/repository/org/htmlunit/neko-htmlunit/4.7.0/neko-htmlunit-4.7.0.jar:/Users/sarvesh_pandey/.m2/repository/org/htmlunit/htmlunit-cssparser/4.7.0/htmlunit-cssparser-4.7.0.jar:/Users/sarvesh_pandey/.m2/repository/org/htmlunit/htmlunit-xpath/4.7.0/htmlunit-xpath-4.7.0.jar:/Users/sarvesh_pandey/.m2/repository/org/htmlunit/htmlunit-csp/4.7.0/htmlunit-csp-4.7.0.jar:/Users/sarvesh_pandey/.m2/repository/org/htmlunit/htmlunit-websocket-client/4.7.0/htmlunit-websocket-client-4.7.0.jar:/Users/sarvesh_pandey/.m2/repository/org/seleniumhq/selenium/htmlunit3-driver/4.32.0/htmlunit3-driver-4.32.0.jar:/Users/sarvesh_pandey/.m2/repository/io/appium/java-client/9.4.0/java-client-9.4.0.jar:/Users/sarvesh_pandey/.m2/repository/org/apache/groovy/groovy/4.0.23/groovy-4.0.23.jar:/Users/sarvesh_pandey/.m2/repository/net/sf/opencsv/opencsv/2.3/opencsv-2.3.jar:/Users/sarvesh_pandey/.m2/repository/org/apache/commons/commons-lang3/3.17.0/commons-lang3-3.17.0.jar:/Users/sarvesh_pandey/.m2/repository/org/apache/commons/commons-compress/1.27.1/commons-compress-1.27.1.jar:/Users/sarvesh_pandey/.m2/repository/org/fluentlenium/fluentlenium-core/0.10.2/fluentlenium-core-0.10.2.jar:/Users/sarvesh_pandey/.m2/repository/com/jhlabs/filters/2.0.235/filters-2.0.235.jar:/Users/sarvesh_pandey/.m2/repository/com/paulhammant/ngwebdriver/1.2/ngwebdriver-1.2.jar:/Users/sarvesh_pandey/.m2/repository/joda-time/joda-time/2.13.0/joda-time-2.13.0.jar:/Users/sarvesh_pandey/.m2/repository/org/hamcrest/hamcrest/2.2/hamcrest-2.2.jar:/Users/sarvesh_pandey/.m2/repository/com/google/jimfs/jimfs/1.3.0/jimfs-1.3.0.jar:/Users/sarvesh_pandey/.m2/repository/org/mockito/mockito-core/3.3.3/mockito-core-3.3.3.jar:/Users/sarvesh_pandey/.m2/repository/javax/xml/bind/jaxb-api/2.3.1/jaxb-api-2.3.1.jar:/Users/sarvesh_pandey/.m2/repository/javax/activation/javax.activation-api/1.2.0/javax.activation-api-1.2.0.jar:/Users/sarvesh_pandey/.m2/repository/com/sun/xml/bind/jaxb-core/2.3.0.1/jaxb-core-2.3.0.1.jar:/Users/sarvesh_pandey/.m2/repository/com/sun/xml/bind/jaxb-impl/2.3.3/jaxb-impl-2.3.3.jar:/Users/sarvesh_pandey/.m2/repository/jakarta/xml/bind/jakarta.xml.bind-api/2.3.3/jakarta.xml.bind-api-2.3.3.jar:/Users/sarvesh_pandey/.m2/repository/com/sun/activation/jakarta.activation/1.2.2/jakarta.activation-1.2.2.jar:/Users/sarvesh_pandey/.m2/repository/javax/activation/activation/1.1.1/activation-1.1.1.jar:/Users/sarvesh_pandey/.m2/repository/net/java/dev/jna/jna/5.17.0/jna-5.17.0.jar:/Users/sarvesh_pandey/.m2/repository/net/serenity-bdd/serenity-cucumber/4.2.34/serenity-cucumber-4.2.34.jar:/Users/sarvesh_pandey/.m2/repository/net/serenity-bdd/serenity-screenplay/4.2.34/serenity-screenplay-4.2.34.jar:/Users/sarvesh_pandey/.m2/repository/org/opentest4j/opentest4j/1.3.0/opentest4j-1.3.0.jar:/Users/sarvesh_pandey/.m2/repository/net/serenity-bdd/serenity-screenplay-webdriver/4.2.34/serenity-screenplay-webdriver-4.2.34.jar:/Users/sarvesh_pandey/.m2/repository/io/cucumber/cucumber-core/7.22.2/cucumber-core-7.22.2.jar:/Users/sarvesh_pandey/.m2/repository/io/cucumber/cucumber-gherkin/7.22.2/cucumber-gherkin-7.22.2.jar:/Users/sarvesh_pandey/.m2/repository/io/cucumber/cucumber-gherkin-messages/7.22.2/cucumber-gherkin-messages-7.22.2.jar:/Users/sarvesh_pandey/.m2/repository/io/cucumber/gherkin/32.1.1/gherkin-32.1.1.jar:/Users/sarvesh_pandey/.m2/repository/io/cucumber/messages/27.2.0/messages-27.2.0.jar:/Users/sarvesh_pandey/.m2/repository/io/cucumber/testng-xml-formatter/0.3.1/testng-xml-formatter-0.3.1.jar:/Users/sarvesh_pandey/.m2/repository/io/cucumber/query/13.3.0/query-13.3.0.jar:/Users/sarvesh_pandey/.m2/repository/io/cucumber/tag-expressions/6.1.2/tag-expressions-6.1.2.jar:/Users/sarvesh_pandey/.m2/repository/io/cucumber/cucumber-expressions/18.0.1/cucumber-expressions-18.0.1.jar:/Users/sarvesh_pandey/.m2/repository/io/cucumber/datatable/7.22.2/datatable-7.22.2.jar:/Users/sarvesh_pandey/.m2/repository/io/cucumber/cucumber-plugin/7.22.2/cucumber-plugin-7.22.2.jar:/Users/sarvesh_pandey/.m2/repository/io/cucumber/docstring/7.22.2/docstring-7.22.2.jar:/Users/sarvesh_pandey/.m2/repository/io/cucumber/html-formatter/21.10.1/html-formatter-21.10.1.jar:/Users/sarvesh_pandey/.m2/repository/io/cucumber/junit-xml-formatter/0.7.1/junit-xml-formatter-0.7.1.jar:/Users/sarvesh_pandey/.m2/repository/io/cucumber/ci-environment/10.0.1/ci-environment-10.0.1.jar:/Users/sarvesh_pandey/.m2/repository/io/cucumber/cucumber-junit/7.22.2/cucumber-junit-7.22.2.jar:/Users/sarvesh_pandey/.m2/repository/org/apache/commons/commons-csv/1.12.0/commons-csv-1.12.0.jar:/Users/sarvesh_pandey/.m2/repository/io/cucumber/cucumber-java/7.23.0/cucumber-java-7.23.0.jar:/Users/sarvesh_pandey/.m2/repository/org/apiguardian/apiguardian-api/1.1.2/apiguardian-api-1.1.2.jar:/Users/sarvesh_pandey/.m2/repository/io/cucumber/cucumber-testng/7.23.0/cucumber-testng-7.23.0.jar:/Users/sarvesh_pandey/.m2/repository/org/seleniumhq/selenium/selenium-java/4.33.0/selenium-java-4.33.0.jar:/Users/sarvesh_pandey/.m2/repository/org/seleniumhq/selenium/selenium-devtools-v135/4.33.0/selenium-devtools-v135-4.33.0.jar:/Users/sarvesh_pandey/.m2/repository/org/seleniumhq/selenium/selenium-devtools-v136/4.33.0/selenium-devtools-v136-4.33.0.jar:/Users/sarvesh_pandey/.m2/repository/org/seleniumhq/selenium/selenium-devtools-v137/4.33.0/selenium-devtools-v137-4.33.0.jar:/Users/sarvesh_pandey/.m2/repository/org/seleniumhq/selenium/selenium-remote-driver/4.33.0/selenium-remote-driver-4.33.0.jar:/Users/sarvesh_pandey/.m2/repository/io/opentelemetry/opentelemetry-api/1.50.0/opentelemetry-api-1.50.0.jar:/Users/sarvesh_pandey/.m2/repository/io/opentelemetry/opentelemetry-context/1.50.0/opentelemetry-context-1.50.0.jar:/Users/sarvesh_pandey/.m2/repository/io/opentelemetry/opentelemetry-exporter-logging/1.50.0/opentelemetry-exporter-logging-1.50.0.jar:/Users/sarvesh_pandey/.m2/repository/io/opentelemetry/opentelemetry-sdk-common/1.50.0/opentelemetry-sdk-common-1.50.0.jar:/Users/sarvesh_pandey/.m2/repository/io/opentelemetry/opentelemetry-sdk-extension-autoconfigure-spi/1.50.0/opentelemetry-sdk-extension-autoconfigure-spi-1.50.0.jar:/Users/sarvesh_pandey/.m2/repository/io/opentelemetry/opentelemetry-sdk-extension-autoconfigure/1.50.0/opentelemetry-sdk-extension-autoconfigure-1.50.0.jar:/Users/sarvesh_pandey/.m2/repository/io/opentelemetry/opentelemetry-sdk-trace/1.50.0/opentelemetry-sdk-trace-1.50.0.jar:/Users/sarvesh_pandey/.m2/repository/io/opentelemetry/opentelemetry-sdk/1.50.0/opentelemetry-sdk-1.50.0.jar:/Users/sarvesh_pandey/.m2/repository/io/opentelemetry/opentelemetry-sdk-metrics/1.50.0/opentelemetry-sdk-metrics-1.50.0.jar:/Users/sarvesh_pandey/.m2/repository/io/opentelemetry/opentelemetry-sdk-logs/1.50.0/opentelemetry-sdk-logs-1.50.0.jar:/Users/sarvesh_pandey/.m2/repository/org/seleniumhq/selenium/selenium-os/4.33.0/selenium-os-4.33.0.jar:/Users/sarvesh_pandey/.m2/repository/org/apache/commons/commons-exec/1.4.0/commons-exec-1.4.0.jar:/Users/sarvesh_pandey/.m2/repository/org/seleniumhq/selenium/selenium-safari-driver/4.33.0/selenium-safari-driver-4.33.0.jar:/Users/sarvesh_pandey/.m2/repository/io/github/bonigarcia/webdrivermanager/6.1.0/webdrivermanager-6.1.0.jar:/Users/sarvesh_pandey/.m2/repository/com/github/docker-java/docker-java/3.5.0/docker-java-3.5.0.jar:/Users/sarvesh_pandey/.m2/repository/com/github/docker-java/docker-java-core/3.5.0/docker-java-core-3.5.0.jar:/Users/sarvesh_pandey/.m2/repository/com/github/docker-java/docker-java-api/3.5.0/docker-java-api-3.5.0.jar:/Users/sarvesh_pandey/.m2/repository/org/slf4j/jcl-over-slf4j/1.7.30/jcl-over-slf4j-1.7.30.jar:/Users/sarvesh_pandey/.m2/repository/com/github/docker-java/docker-java-transport-httpclient5/3.5.0/docker-java-transport-httpclient5-3.5.0.jar:/Users/sarvesh_pandey/.m2/repository/com/github/docker-java/docker-java-transport/3.5.0/docker-java-transport-3.5.0.jar:/Users/sarvesh_pandey/.m2/repository/org/brotli/dec/0.1.2/dec-0.1.2.jar:/Users/sarvesh_pandey/.m2/repository/org/apache/httpcomponents/client5/httpclient5/5.4.3/httpclient5-5.4.3.jar:/Users/sarvesh_pandey/.m2/repository/org/apache/httpcomponents/core5/httpcore5/5.3.4/httpcore5-5.3.4.jar:/Users/sarvesh_pandey/.m2/repository/org/apache/httpcomponents/core5/httpcore5-h2/5.3.4/httpcore5-h2-5.3.4.jar:/Users/sarvesh_pandey/.m2/repository/net/java/dev/jna/jna-platform/5.13.0/jna-platform-5.13.0.jar:/Users/sarvesh_pandey/.m2/repository/com/aventstack/extentreports/5.1.2/extentreports-5.1.2.jar:/Users/sarvesh_pandey/.m2/repository/io/reactivex/rxjava3/rxjava/3.1.6/rxjava-3.1.6.jar:/Users/sarvesh_pandey/.m2/repository/org/reactivestreams/reactive-streams/1.0.4/reactive-streams-1.0.4.jar:/Users/sarvesh_pandey/.m2/repository/org/freemarker/freemarker/2.3.32/freemarker-2.3.32.jar:/Users/sarvesh_pandey/.m2/repository/org/projectlombok/lombok/1.18.26/lombok-1.18.26.jar:"/>
    <property name="sun.cpu.endian" value="little"/>
    <property name="user.home" value="/Users/sarvesh_pandey"/>
    <property name="user.language" value="en"/>
    <property name="java.specification.vendor" value="Oracle Corporation"/>
    <property name="java.version.date" value="2025-04-15"/>
    <property name="java.home" value="/opt/homebrew/Cellar/openjdk@21/21.0.7/libexec/openjdk.jdk/Contents/Home"/>
    <property name="file.separator" value="/"/>
    <property name="basedir" value="/Users/sarvesh_pandey/Documents/Webengage_Automation/Onsite_Cucumber_P"/>
    <property name="java.vm.compressedOopsMode" value="Zero based"/>
    <property name="line.separator" value="&#10;"/>
    <property name="java.vm.specification.vendor" value="Oracle Corporation"/>
    <property name="java.specification.name" value="Java Platform API Specification"/>
    <property name="apple.awt.application.name" value="ForkedBooter"/>
    <property name="surefire.real.class.path" value="/Users/sarvesh_pandey/Documents/Webengage_Automation/Onsite_Cucumber_P/target/surefire/surefirebooter-20250623135519432_3.jar"/>
    <property name="java.protocol.handler.pkgs" value="com.google.common"/>
    <property name="sun.management.compiler" value="HotSpot 64-Bit Tiered Compilers"/>
    <property name="ftp.nonProxyHosts" value="dns.google|*.dns.google|one.one.one.one|*.one.one.one.one|beacons.gvt2.com|*.beacons.gvt2.com|beacons2.gvt2.com|*.beacons2.gvt2.com|ocsp.digicert.com|*.ocsp.digicert.com"/>
    <property name="java.runtime.version" value="21.0.7"/>
    <property name="user.name" value="sarvesh_pandey"/>
    <property name="stdout.encoding" value="UTF-8"/>
    <property name="path.separator" value=":"/>
    <property name="os.version" value="15.1"/>
    <property name="java.runtime.name" value="OpenJDK Runtime Environment"/>
    <property name="file.encoding" value="UTF-8"/>
    <property name="browser" value="firefox"/>
    <property name="java.vm.name" value="OpenJDK 64-Bit Server VM"/>
    <property name="java.vendor.version" value="Homebrew"/>
    <property name="localRepository" value="/Users/sarvesh_pandey/.m2/repository"/>
    <property name="java.vendor.url.bug" value="https://github.com/Homebrew/homebrew-core/issues"/>
    <property name="java.io.tmpdir" value="/var/folders/mq/n6pv68hx77x2sckjq_fst4600000gn/T/"/>
    <property name="java.version" value="21.0.7"/>
    <property name="user.dir" value="/Users/sarvesh_pandey/Documents/Webengage_Automation/Onsite_Cucumber_P"/>
    <property name="os.arch" value="aarch64"/>
    <property name="java.vm.specification.name" value="Java Virtual Machine Specification"/>
    <property name="native.encoding" value="UTF-8"/>
    <property name="java.library.path" value="/Users/sarvesh_pandey/Library/Java/Extensions:/Library/Java/Extensions:/Network/Library/Java/Extensions:/System/Library/Java/Extensions:/usr/lib/java:."/>
    <property name="java.vm.info" value="mixed mode, sharing"/>
    <property name="stderr.encoding" value="UTF-8"/>
    <property name="java.vendor" value="Homebrew"/>
    <property name="java.vm.version" value="21.0.7"/>
    <property name="sun.io.unicode.encoding" value="UnicodeBig"/>
    <property name="socksNonProxyHosts" value="dns.google|*.dns.google|one.one.one.one|*.one.one.one.one|beacons.gvt2.com|*.beacons.gvt2.com|beacons2.gvt2.com|*.beacons2.gvt2.com|ocsp.digicert.com|*.ocsp.digicert.com"/>
    <property name="java.class.version" value="65.0"/>
  </properties>
</testsuite>