<?xml version="1.0" encoding="UTF-8"?>
<!-- Generated by org.testng.reporters.JUnitReportReporter -->
<testsuite hostname="Sarvesh-Pandey.local" failures="0" tests="1" name="Webenage.Login" time="54.047" errors="0" timestamp="2025-06-03T15:30:25 IST" skipped="0">
  <testcase classname="Webenage.Login" name="setup" time="54.047"/>
</testsuite> <!-- Webenage.Login -->
