<?xml version="1.0" encoding="UTF-8"?>
<!-- Generated by org.testng.reporters.JUnitReportReporter -->
<testsuite hostname="Sarvesh-Pandey.local" failures="0" tests="1" name="Cucumber.TestNGTestsRunner" time="78.974" errors="0" timestamp="2025-06-19T18:36:32 IST" skipped="0">
  <testcase classname="Cucumber.TestNGTestsRunner" name="runScenario" time="78.974"/>
</testsuite> <!-- Cucumber.TestNGTestsRunner -->
